# JRE version: OpenJDK Runtime Environment (21.0.4) (build 21.0.4+-12508038-b607.1)
# Java VM: OpenJDK 64-Bit Server VM (21.0.4+-12508038-b607.1, mixed mode, tiered, compressed oops, compressed class ptrs, g1 gc, windows-amd64)
GC Precious Log:
 CardTable entry size: 512
 Card Set container configuration: InlinePtr #cards 5 size 8 Array Of Cards #cards 12 size 40 Howl #buckets 4 coarsen threshold 1843 Howl Bitmap #cards 512 size 80 coarsen threshold 460 Card regions per heap region 1 cards per card region 2048
 CPUs: 4 total, 4 available
 Memory: 4087M
 Large Page Support: Disabled
 NUMA Support: Disabled
 Compressed Oops: Enabled (32-bit)
 Heap Region Size: 1M
 Heap Min Capacity: 8M
 Heap Initial Capacity: 64M
 Heap Max Capacity: 2G
 Pre-touch: Disabled
 Parallel Workers: 4
 Concurrent Workers: 1
 Concurrent Refinement Workers: 4
 Periodic GC: Disabled
Heap:
 garbage-first heap   total 78848K, used 67267K [0x0000000080000000, 0x0000000100000000)
  region size 1024K, 29 young (29696K), 4 survivors (4096K)
 Metaspace       used 65968K, committed 67648K, reserved 1114112K
  class space    used 9012K, committed 9856K, reserved 1048576K
GC Heap History (20 events):
Event: 6.425 GC heap before
{Heap before GC invocations=9 (full 0):
 garbage-first heap   total 65536K, used 29261K [0x0000000080000000, 0x0000000100000000)
  region size 1024K, 8 young (8192K), 4 survivors (4096K)
 Metaspace       used 35354K, committed 36160K, reserved 1114112K
  class space    used 4735K, committed 5120K, reserved 1048576K
}
Event: 6.431 GC heap after
{Heap after GC invocations=10 (full 0):
 garbage-first heap   total 65536K, used 26486K [0x0000000080000000, 0x0000000100000000)
  region size 1024K, 2 young (2048K), 2 survivors (2048K)
 Metaspace       used 35354K, committed 36160K, reserved 1114112K
  class space    used 4735K, committed 5120K, reserved 1048576K
}
Event: 7.035 GC heap before
{Heap before GC invocations=11 (full 0):
 garbage-first heap   total 65536K, used 56182K [0x0000000080000000, 0x0000000100000000)
  region size 1024K, 32 young (32768K), 2 survivors (2048K)
 Metaspace       used 39237K, committed 40384K, reserved 1114112K
  class space    used 5377K, committed 5952K, reserved 1048576K
}
Event: 7.041 GC heap after
{Heap after GC invocations=12 (full 0):
 garbage-first heap   total 65536K, used 27901K [0x0000000080000000, 0x0000000100000000)
  region size 1024K, 4 young (4096K), 4 survivors (4096K)
 Metaspace       used 39237K, committed 40384K, reserved 1114112K
  class space    used 5377K, committed 5952K, reserved 1048576K
}
Event: 7.708 GC heap before
{Heap before GC invocations=12 (full 0):
 garbage-first heap   total 65536K, used 55549K [0x0000000080000000, 0x0000000100000000)
  region size 1024K, 32 young (32768K), 4 survivors (4096K)
 Metaspace       used 45476K, committed 46592K, reserved 1114112K
  class space    used 6036K, committed 6592K, reserved 1048576K
}
Event: 7.720 GC heap after
{Heap after GC invocations=13 (full 0):
 garbage-first heap   total 65536K, used 31192K [0x0000000080000000, 0x0000000100000000)
  region size 1024K, 4 young (4096K), 4 survivors (4096K)
 Metaspace       used 45476K, committed 46592K, reserved 1114112K
  class space    used 6036K, committed 6592K, reserved 1048576K
}
Event: 8.027 GC heap before
{Heap before GC invocations=13 (full 0):
 garbage-first heap   total 65536K, used 56792K [0x0000000080000000, 0x0000000100000000)
  region size 1024K, 29 young (29696K), 4 survivors (4096K)
 Metaspace       used 46549K, committed 47744K, reserved 1114112K
  class space    used 6211K, committed 6784K, reserved 1048576K
}
Event: 8.036 GC heap after
{Heap after GC invocations=14 (full 0):
 garbage-first heap   total 78848K, used 34044K [0x0000000080000000, 0x0000000100000000)
  region size 1024K, 3 young (3072K), 3 survivors (3072K)
 Metaspace       used 46549K, committed 47744K, reserved 1114112K
  class space    used 6211K, committed 6784K, reserved 1048576K
}
Event: 8.695 GC heap before
{Heap before GC invocations=14 (full 0):
 garbage-first heap   total 78848K, used 68860K [0x0000000080000000, 0x0000000100000000)
  region size 1024K, 37 young (37888K), 3 survivors (3072K)
 Metaspace       used 48714K, committed 50112K, reserved 1114112K
  class space    used 6569K, committed 7296K, reserved 1048576K
}
Event: 8.704 GC heap after
{Heap after GC invocations=15 (full 0):
 garbage-first heap   total 78848K, used 36240K [0x0000000080000000, 0x0000000100000000)
  region size 1024K, 5 young (5120K), 5 survivors (5120K)
 Metaspace       used 48714K, committed 50112K, reserved 1114112K
  class space    used 6569K, committed 7296K, reserved 1048576K
}
Event: 9.492 GC heap before
{Heap before GC invocations=15 (full 0):
 garbage-first heap   total 78848K, used 69008K [0x0000000080000000, 0x0000000100000000)
  region size 1024K, 36 young (36864K), 5 survivors (5120K)
 Metaspace       used 53526K, committed 54976K, reserved 1114112K
  class space    used 7195K, committed 7936K, reserved 1048576K
}
Event: 9.501 GC heap after
{Heap after GC invocations=16 (full 0):
 garbage-first heap   total 78848K, used 37598K [0x0000000080000000, 0x0000000100000000)
  region size 1024K, 4 young (4096K), 4 survivors (4096K)
 Metaspace       used 53526K, committed 54976K, reserved 1114112K
  class space    used 7195K, committed 7936K, reserved 1048576K
}
Event: 10.186 GC heap before
{Heap before GC invocations=16 (full 0):
 garbage-first heap   total 78848K, used 68318K [0x0000000080000000, 0x0000000100000000)
  region size 1024K, 34 young (34816K), 4 survivors (4096K)
 Metaspace       used 57676K, committed 59200K, reserved 1114112K
  class space    used 7772K, committed 8512K, reserved 1048576K
}
Event: 10.192 GC heap after
{Heap after GC invocations=17 (full 0):
 garbage-first heap   total 78848K, used 38809K [0x0000000080000000, 0x0000000100000000)
  region size 1024K, 3 young (3072K), 3 survivors (3072K)
 Metaspace       used 57676K, committed 59200K, reserved 1114112K
  class space    used 7772K, committed 8512K, reserved 1048576K
}
Event: 10.409 GC heap before
{Heap before GC invocations=17 (full 0):
 garbage-first heap   total 78848K, used 47001K [0x0000000080000000, 0x0000000100000000)
  region size 1024K, 12 young (12288K), 3 survivors (3072K)
 Metaspace       used 59223K, committed 60736K, reserved 1114112K
  class space    used 8011K, committed 8768K, reserved 1048576K
}
Event: 10.414 GC heap after
{Heap after GC invocations=18 (full 0):
 garbage-first heap   total 78848K, used 39188K [0x0000000080000000, 0x0000000100000000)
  region size 1024K, 3 young (3072K), 3 survivors (3072K)
 Metaspace       used 59223K, committed 60736K, reserved 1114112K
  class space    used 8011K, committed 8768K, reserved 1048576K
}
Event: 11.496 GC heap before
{Heap before GC invocations=19 (full 0):
 garbage-first heap   total 78848K, used 69908K [0x0000000080000000, 0x0000000100000000)
  region size 1024K, 33 young (33792K), 3 survivors (3072K)
 Metaspace       used 63063K, committed 64704K, reserved 1114112K
  class space    used 8639K, committed 9408K, reserved 1048576K
}
Event: 11.504 GC heap after
{Heap after GC invocations=20 (full 0):
 garbage-first heap   total 78848K, used 41136K [0x0000000080000000, 0x0000000100000000)
  region size 1024K, 4 young (4096K), 4 survivors (4096K)
 Metaspace       used 63063K, committed 64704K, reserved 1114112K
  class space    used 8639K, committed 9408K, reserved 1048576K
}
Event: 12.611 GC heap before
{Heap before GC invocations=20 (full 0):
 garbage-first heap   total 78848K, used 68784K [0x0000000080000000, 0x0000000100000000)
  region size 1024K, 31 young (31744K), 4 survivors (4096K)
 Metaspace       used 65324K, committed 66944K, reserved 1114112K
  class space    used 8926K, committed 9728K, reserved 1048576K
}
Event: 12.622 GC heap after
{Heap after GC invocations=21 (full 0):
 garbage-first heap   total 78848K, used 43715K [0x0000000080000000, 0x0000000100000000)
  region size 1024K, 4 young (4096K), 4 survivors (4096K)
 Metaspace       used 65324K, committed 66944K, reserved 1114112K
  class space    used 8926K, committed 9728K, reserved 1048576K
}

